This file contains any messages produced by compilers while
running configure, to aid debugging if configure makes a mistake.

It was created by configure, which was
generated by GNU Autoconf 2.60.  Invocation command line was

  $ ./configure 

## --------- ##
## Platform. ##
## --------- ##

hostname = IWA-Desktop-01
uname -m = x86_64
uname -r = 3.8.0-25-generic
uname -s = Linux
uname -v = #37-Ubuntu SMP Thu Jun 6 20:47:07 UTC 2013

/usr/bin/uname -p = unknown
/bin/uname -X     = unknown

/bin/arch              = unknown
/usr/bin/arch -k       = unknown
/usr/convex/getsysinfo = unknown
/usr/bin/hostinfo      = unknown
/bin/machine           = unknown
/usr/bin/oslevel       = unknown
/bin/universe          = unknown

PATH: /home/dave/bin
PATH: /usr/lib/lightdm/lightdm
PATH: /usr/local/sbin
PATH: /usr/local/bin
PATH: /usr/sbin
PATH: /usr/bin
PATH: /sbin
PATH: /bin
PATH: /usr/games
PATH: /usr/local/games


## ----------- ##
## Core tests. ##
## ----------- ##

configure:1739: checking build system type
configure:1757: result: x86_64-unknown-linux-gnu
configure:1779: checking host system type
configure:1794: result: x86_64-unknown-linux-gnu
configure:1882: checking for gcc
configure:1898: found /usr/bin/gcc
configure:1909: result: gcc
configure:2147: checking for C compiler version
configure:2154: gcc --version >&5
gcc (Ubuntu/Linaro 4.7.3-1ubuntu1) 4.7.3
Copyright (C) 2012 Free Software Foundation, Inc.
This is free software; see the source for copying conditions.  There is NO
warranty; not even for MERCHANTABILITY or FITNESS FOR A PARTICULAR PURPOSE.

configure:2157: $? = 0
configure:2164: gcc -v >&5
Using built-in specs.
COLLECT_GCC=gcc
COLLECT_LTO_WRAPPER=/usr/lib/gcc/x86_64-linux-gnu/4.7/lto-wrapper
Target: x86_64-linux-gnu
Configured with: ../src/configure -v --with-pkgversion='Ubuntu/Linaro 4.7.3-1ubuntu1' --with-bugurl=file:///usr/share/doc/gcc-4.7/README.Bugs --enable-languages=c,c++,go,fortran,objc,obj-c++ --prefix=/usr --program-suffix=-4.7 --enable-shared --enable-linker-build-id --libexecdir=/usr/lib --without-included-gettext --enable-threads=posix --with-gxx-include-dir=/usr/include/c++/4.7 --libdir=/usr/lib --enable-nls --with-sysroot=/ --enable-clocale=gnu --enable-libstdcxx-debug --enable-libstdcxx-time=yes --enable-gnu-unique-object --enable-plugin --with-system-zlib --enable-objc-gc --with-cloog --enable-cloog-backend=ppl --disable-cloog-version-check --disable-ppl-version-check --enable-multiarch --disable-werror --with-arch-32=i686 --with-abi=m64 --with-multilib-list=m32,m64,mx32 --with-tune=generic --enable-checking=release --build=x86_64-linux-gnu --host=x86_64-linux-gnu --target=x86_64-linux-gnu
Thread model: posix
gcc version 4.7.3 (Ubuntu/Linaro 4.7.3-1ubuntu1) 
configure:2167: $? = 0
configure:2174: gcc -V >&5
gcc: error: unrecognized command line option '-V'
gcc: fatal error: no input files
compilation terminated.
configure:2177: $? = 4
configure:2200: checking for C compiler default output file name
configure:2227: gcc    conftest.c  >&5
configure:2230: $? = 0
configure:2276: result: a.out
configure:2281: checking whether the C compiler works
configure:2291: ./a.out
configure:2294: $? = 0
configure:2311: result: yes
configure:2318: checking whether we are cross compiling
configure:2320: result: no
configure:2323: checking for suffix of executables
configure:2330: gcc -o conftest    conftest.c  >&5
configure:2333: $? = 0
configure:2357: result: 
configure:2363: checking for suffix of object files
configure:2389: gcc -c   conftest.c >&5
configure:2392: $? = 0
configure:2415: result: o
configure:2419: checking whether we are using the GNU C compiler
configure:2448: gcc -c   conftest.c >&5
configure:2454: $? = 0
configure:2461: test -z "$ac_c_werror_flag" || test ! -s conftest.err
configure:2464: $? = 0
configure:2471: test -s conftest.o
configure:2474: $? = 0
configure:2488: result: yes
configure:2493: checking whether gcc accepts -g
configure:2523: gcc -c -g  conftest.c >&5
configure:2529: $? = 0
configure:2536: test -z "$ac_c_werror_flag" || test ! -s conftest.err
configure:2539: $? = 0
configure:2546: test -s conftest.o
configure:2549: $? = 0
configure:2679: result: yes
configure:2696: checking for gcc option to accept ISO C89
configure:2770: gcc  -c -g -O2  conftest.c >&5
configure:2776: $? = 0
configure:2783: test -z "$ac_c_werror_flag" || test ! -s conftest.err
configure:2786: $? = 0
configure:2793: test -s conftest.o
configure:2796: $? = 0
configure:2816: result: none needed
configure:2839: checking how to run the C preprocessor
configure:2879: gcc -E  conftest.c
configure:2885: $? = 0
configure:2923: gcc -E  conftest.c
conftest.c:9:28: fatal error: ac_nonexistent.h: No such file or directory
compilation terminated.
configure:2929: $? = 1
configure: failed program was:
| /* confdefs.h.  */
| #define PACKAGE_NAME ""
| #define PACKAGE_TARNAME ""
| #define PACKAGE_VERSION ""
| #define PACKAGE_STRING ""
| #define PACKAGE_BUGREPORT ""
| #define LINUX 1
| /* end confdefs.h.  */
| #include <ac_nonexistent.h>
configure:2969: result: gcc -E
configure:2998: gcc -E  conftest.c
configure:3004: $? = 0
configure:3042: gcc -E  conftest.c
conftest.c:9:28: fatal error: ac_nonexistent.h: No such file or directory
compilation terminated.
configure:3048: $? = 1
configure: failed program was:
| /* confdefs.h.  */
| #define PACKAGE_NAME ""
| #define PACKAGE_TARNAME ""
| #define PACKAGE_VERSION ""
| #define PACKAGE_STRING ""
| #define PACKAGE_BUGREPORT ""
| #define LINUX 1
| /* end confdefs.h.  */
| #include <ac_nonexistent.h>
configure:3150: checking for g++
configure:3166: found /usr/bin/g++
configure:3177: result: g++
configure:3208: checking for C++ compiler version
configure:3215: g++ --version >&5
g++ (Ubuntu/Linaro 4.7.3-1ubuntu1) 4.7.3
Copyright (C) 2012 Free Software Foundation, Inc.
This is free software; see the source for copying conditions.  There is NO
warranty; not even for MERCHANTABILITY or FITNESS FOR A PARTICULAR PURPOSE.

configure:3218: $? = 0
configure:3225: g++ -v >&5
Using built-in specs.
COLLECT_GCC=g++
COLLECT_LTO_WRAPPER=/usr/lib/gcc/x86_64-linux-gnu/4.7/lto-wrapper
Target: x86_64-linux-gnu
Configured with: ../src/configure -v --with-pkgversion='Ubuntu/Linaro 4.7.3-1ubuntu1' --with-bugurl=file:///usr/share/doc/gcc-4.7/README.Bugs --enable-languages=c,c++,go,fortran,objc,obj-c++ --prefix=/usr --program-suffix=-4.7 --enable-shared --enable-linker-build-id --libexecdir=/usr/lib --without-included-gettext --enable-threads=posix --with-gxx-include-dir=/usr/include/c++/4.7 --libdir=/usr/lib --enable-nls --with-sysroot=/ --enable-clocale=gnu --enable-libstdcxx-debug --enable-libstdcxx-time=yes --enable-gnu-unique-object --enable-plugin --with-system-zlib --enable-objc-gc --with-cloog --enable-cloog-backend=ppl --disable-cloog-version-check --disable-ppl-version-check --enable-multiarch --disable-werror --with-arch-32=i686 --with-abi=m64 --with-multilib-list=m32,m64,mx32 --with-tune=generic --enable-checking=release --build=x86_64-linux-gnu --host=x86_64-linux-gnu --target=x86_64-linux-gnu
Thread model: posix
gcc version 4.7.3 (Ubuntu/Linaro 4.7.3-1ubuntu1) 
configure:3228: $? = 0
configure:3235: g++ -V >&5
g++: error: unrecognized command line option '-V'
g++: fatal error: no input files
compilation terminated.
configure:3238: $? = 4
configure:3241: checking whether we are using the GNU C++ compiler
configure:3270: g++ -c   conftest.cpp >&5
configure:3276: $? = 0
configure:3283: test -z "$ac_cxx_werror_flag" || test ! -s conftest.err
configure:3286: $? = 0
configure:3293: test -s conftest.o
configure:3296: $? = 0
configure:3310: result: yes
configure:3315: checking whether g++ accepts -g
configure:3345: g++ -c -g  conftest.cpp >&5
configure:3351: $? = 0
configure:3358: test -z "$ac_cxx_werror_flag" || test ! -s conftest.err
configure:3361: $? = 0
configure:3368: test -s conftest.o
configure:3371: $? = 0
configure:3501: result: yes
configure:3537: checking for a BSD-compatible install
configure:3593: result: /usr/bin/install -c
configure:3606: checking for find
configure:3622: found /usr/bin/find
configure:3634: result: find
configure:3644: checking for makedepend
configure:3672: result: :
configure:3687: checking for X
configure:3802: gcc -E  conftest.c
conftest.c:9:22: fatal error: X11/Xlib.h: No such file or directory
compilation terminated.
configure:3808: $? = 1
configure: failed program was:
| /* confdefs.h.  */
| #define PACKAGE_NAME ""
| #define PACKAGE_TARNAME ""
| #define PACKAGE_VERSION ""
| #define PACKAGE_STRING ""
| #define PACKAGE_BUGREPORT ""
| #define LINUX 1
| /* end confdefs.h.  */
| #include <X11/Xlib.h>
configure:3864: gcc -o conftest -g -O2   conftest.c -lXt  >&5
conftest.c:9:22: fatal error: X11/Xlib.h: No such file or directory
compilation terminated.
configure:3870: $? = 1
configure: failed program was:
| /* confdefs.h.  */
| #define PACKAGE_NAME ""
| #define PACKAGE_TARNAME ""
| #define PACKAGE_VERSION ""
| #define PACKAGE_STRING ""
| #define PACKAGE_BUGREPORT ""
| #define LINUX 1
| /* end confdefs.h.  */
| #include <X11/Xlib.h>
| int
| main ()
| {
| XrmInitialize ()
|   ;
|   return 0;
| }
configure:3934: result: no
configure:5283: checking for grep that handles long lines and -e
configure:5357: result: /bin/grep
configure:5362: checking for egrep
configure:5440: result: /bin/grep -E
configure:5445: checking for ANSI C header files
configure:5475: gcc -c -g -O2   conftest.c >&5
configure:5481: $? = 0
configure:5488: test -z "$ac_c_werror_flag" || test ! -s conftest.err
configure:5491: $? = 0
configure:5498: test -s conftest.o
configure:5501: $? = 0
configure:5597: gcc -o conftest -g -O2     -L/usr/local/lib conftest.c  >&5
configure:5600: $? = 0
configure:5606: ./conftest
configure:5609: $? = 0
configure:5626: result: yes
configure:5650: checking for sys/types.h
configure:5671: gcc -c -g -O2   conftest.c >&5
configure:5677: $? = 0
configure:5684: test -z "$ac_c_werror_flag" || test ! -s conftest.err
configure:5687: $? = 0
configure:5694: test -s conftest.o
configure:5697: $? = 0
configure:5710: result: yes
configure:5650: checking for sys/stat.h
configure:5671: gcc -c -g -O2   conftest.c >&5
configure:5677: $? = 0
configure:5684: test -z "$ac_c_werror_flag" || test ! -s conftest.err
configure:5687: $? = 0
configure:5694: test -s conftest.o
configure:5697: $? = 0
configure:5710: result: yes
configure:5650: checking for stdlib.h
configure:5671: gcc -c -g -O2   conftest.c >&5
configure:5677: $? = 0
configure:5684: test -z "$ac_c_werror_flag" || test ! -s conftest.err
configure:5687: $? = 0
configure:5694: test -s conftest.o
configure:5697: $? = 0
configure:5710: result: yes
configure:5650: checking for string.h
configure:5671: gcc -c -g -O2   conftest.c >&5
configure:5677: $? = 0
configure:5684: test -z "$ac_c_werror_flag" || test ! -s conftest.err
configure:5687: $? = 0
configure:5694: test -s conftest.o
configure:5697: $? = 0
configure:5710: result: yes
configure:5650: checking for memory.h
configure:5671: gcc -c -g -O2   conftest.c >&5
configure:5677: $? = 0
configure:5684: test -z "$ac_c_werror_flag" || test ! -s conftest.err
configure:5687: $? = 0
configure:5694: test -s conftest.o
configure:5697: $? = 0
configure:5710: result: yes
configure:5650: checking for strings.h
configure:5671: gcc -c -g -O2   conftest.c >&5
configure:5677: $? = 0
configure:5684: test -z "$ac_c_werror_flag" || test ! -s conftest.err
configure:5687: $? = 0
configure:5694: test -s conftest.o
configure:5697: $? = 0
configure:5710: result: yes
configure:5650: checking for inttypes.h
configure:5671: gcc -c -g -O2   conftest.c >&5
configure:5677: $? = 0
configure:5684: test -z "$ac_c_werror_flag" || test ! -s conftest.err
configure:5687: $? = 0
configure:5694: test -s conftest.o
configure:5697: $? = 0
configure:5710: result: yes
configure:5650: checking for stdint.h
configure:5671: gcc -c -g -O2   conftest.c >&5
configure:5677: $? = 0
configure:5684: test -z "$ac_c_werror_flag" || test ! -s conftest.err
configure:5687: $? = 0
configure:5694: test -s conftest.o
configure:5697: $? = 0
configure:5710: result: yes
configure:5650: checking for unistd.h
configure:5671: gcc -c -g -O2   conftest.c >&5
configure:5677: $? = 0
configure:5684: test -z "$ac_c_werror_flag" || test ! -s conftest.err
configure:5687: $? = 0
configure:5694: test -s conftest.o
configure:5697: $? = 0
configure:5710: result: yes
configure:5737: checking limits.h usability
configure:5754: gcc -c -g -O2   conftest.c >&5
configure:5760: $? = 0
configure:5767: test -z "$ac_c_werror_flag" || test ! -s conftest.err
configure:5770: $? = 0
configure:5777: test -s conftest.o
configure:5780: $? = 0
configure:5791: result: yes
configure:5795: checking limits.h presence
configure:5810: gcc -E  conftest.c
configure:5816: $? = 0
configure:5837: result: yes
configure:5865: checking for limits.h
configure:5873: result: yes
configure:6024: creating ./config.status

## ---------------------- ##
## Running config.status. ##
## ---------------------- ##

This file was extended by config.status, which was
generated by GNU Autoconf 2.60.  Invocation command line was

  CONFIG_FILES    = 
  CONFIG_HEADERS  = 
  CONFIG_LINKS    = 
  CONFIG_COMMANDS = 
  $ ./config.status 

on IWA-Desktop-01

config.status:584: creating Makefile
config.status:584: creating test/Makefile

## ---------------- ##
## Cache variables. ##
## ---------------- ##

ac_cv_build=x86_64-unknown-linux-gnu
ac_cv_c_compiler_gnu=yes
ac_cv_cxx_compiler_gnu=yes
ac_cv_env_CCC_set=
ac_cv_env_CCC_value=
ac_cv_env_CC_set=
ac_cv_env_CC_value=
ac_cv_env_CFLAGS_set=
ac_cv_env_CFLAGS_value=
ac_cv_env_CPPFLAGS_set=
ac_cv_env_CPPFLAGS_value=
ac_cv_env_CPP_set=
ac_cv_env_CPP_value=
ac_cv_env_CXXFLAGS_set=
ac_cv_env_CXXFLAGS_value=
ac_cv_env_CXX_set=
ac_cv_env_CXX_value=
ac_cv_env_LDFLAGS_set=
ac_cv_env_LDFLAGS_value=
ac_cv_env_XMKMF_set=
ac_cv_env_XMKMF_value=
ac_cv_env_build_alias_set=
ac_cv_env_build_alias_value=
ac_cv_env_host_alias_set=
ac_cv_env_host_alias_value=
ac_cv_env_target_alias_set=
ac_cv_env_target_alias_value=
ac_cv_have_x=have_x=no
ac_cv_header_inttypes_h=yes
ac_cv_header_limits_h=yes
ac_cv_header_memory_h=yes
ac_cv_header_stdc=yes
ac_cv_header_stdint_h=yes
ac_cv_header_stdlib_h=yes
ac_cv_header_string_h=yes
ac_cv_header_strings_h=yes
ac_cv_header_sys_stat_h=yes
ac_cv_header_sys_types_h=yes
ac_cv_header_unistd_h=yes
ac_cv_host=x86_64-unknown-linux-gnu
ac_cv_objext=o
ac_cv_path_EGREP='/bin/grep -E'
ac_cv_path_GREP=/bin/grep
ac_cv_path_install='/usr/bin/install -c'
ac_cv_prog_CPP='gcc -E'
ac_cv_prog_FIND=find
ac_cv_prog_MAKEDEPEND=:
ac_cv_prog_ac_ct_CC=gcc
ac_cv_prog_ac_ct_CXX=g++
ac_cv_prog_cc_c89=
ac_cv_prog_cc_g=yes
ac_cv_prog_cxx_g=yes

## ----------------- ##
## Output variables. ##
## ----------------- ##

CC='gcc'
CFLAGS='-g -O2 '
CPP='gcc -E'
CPPFLAGS=''
CXX='g++'
CXXFLAGS='-g -O2'
DEFS='-DPACKAGE_NAME=\"\" -DPACKAGE_TARNAME=\"\" -DPACKAGE_VERSION=\"\" -DPACKAGE_STRING=\"\" -DPACKAGE_BUGREPORT=\"\" -DLINUX=1 -DX_DISPLAY_MISSING=1 -DSTDC_HEADERS=1 -DHAVE_SYS_TYPES_H=1 -DHAVE_SYS_STAT_H=1 -DHAVE_STDLIB_H=1 -DHAVE_STRING_H=1 -DHAVE_MEMORY_H=1 -DHAVE_STRINGS_H=1 -DHAVE_INTTYPES_H=1 -DHAVE_STDINT_H=1 -DHAVE_UNISTD_H=1 -DHAVE_LIMITS_H=1'
ECHO_C=''
ECHO_N='-n'
ECHO_T=''
EGREP='/bin/grep -E'
EXEEXT=''
FIND='find'
GREP='/bin/grep'
INSTALL_DATA='${INSTALL} -m 644'
INSTALL_PROGRAM='${INSTALL}'
INSTALL_SCRIPT='${INSTALL}'
LDFLAGS='  -L/usr/local/lib'
LIBOBJS=''
LIBS=''
LTLIBOBJS=''
MAKEDEPEND=':'
OBJEXT='o'
PACKAGE_BUGREPORT=''
PACKAGE_NAME=''
PACKAGE_STRING=''
PACKAGE_TARNAME=''
PACKAGE_VERSION=''
PATH_SEPARATOR=':'
SHELL='/bin/bash'
XMKMF=''
X_CFLAGS=''
X_EXTRA_LIBS=''
X_LIBS=''
X_PRE_LIBS=''
ac_ct_CC='gcc'
ac_ct_CXX='g++'
bindir='${exec_prefix}/bin'
build='x86_64-unknown-linux-gnu'
build_alias=''
build_cpu='x86_64'
build_os='linux-gnu'
build_vendor='unknown'
datadir='${datarootdir}'
datarootdir='${prefix}/share'
docdir='${datarootdir}/doc/${PACKAGE}'
dvidir='${docdir}'
exec_prefix='${prefix}'
host='x86_64-unknown-linux-gnu'
host_alias=''
host_cpu='x86_64'
host_os='linux-gnu'
host_vendor='unknown'
htmldir='${docdir}'
includedir='${prefix}/include'
infodir='${datarootdir}/info'
libdir='${exec_prefix}/lib'
libexecdir='${exec_prefix}/libexec'
localedir='${datarootdir}/locale'
localstatedir='${prefix}/var'
mandir='${datarootdir}/man'
oldincludedir='/usr/include'
pdfdir='${docdir}'
prefix='/usr/local'
program_transform_name='s,x,x,'
psdir='${docdir}'
sbindir='${exec_prefix}/sbin'
sharedstatedir='${prefix}/com'
sysconfdir='${prefix}/etc'
target_alias=''

## ----------- ##
## confdefs.h. ##
## ----------- ##

#define PACKAGE_NAME ""
#define PACKAGE_TARNAME ""
#define PACKAGE_VERSION ""
#define PACKAGE_STRING ""
#define PACKAGE_BUGREPORT ""
#define LINUX 1
#define X_DISPLAY_MISSING 1
#define STDC_HEADERS 1
#define HAVE_SYS_TYPES_H 1
#define HAVE_SYS_STAT_H 1
#define HAVE_STDLIB_H 1
#define HAVE_STRING_H 1
#define HAVE_MEMORY_H 1
#define HAVE_STRINGS_H 1
#define HAVE_INTTYPES_H 1
#define HAVE_STDINT_H 1
#define HAVE_UNISTD_H 1
#define HAVE_LIMITS_H 1

configure: exit 0
